nohup: ignoring input
/home/dou@chapman.edu/miniconda3/envs/pdou/lib/python3.10/site-packages/statsmodels/genmod/families/family.py:1367: ValueWarning: Negative binomial dispersion parameter alpha not set. Using default value alpha=1.0.
  warnings.warn("Negative binomial dispersion parameter alpha not "

Created binary variable: is_urban (Urban=1, Rural=0)
  Urban: 4981 observations
  Rural: 1227 observations
  Unknown (excluded): 79 observations
Dropping 'race_white' with VIF=95.04
Dropping 'age_median' with VIF=87.03
Dropping 'family_size' with VIF=73.54
Dropping 'family_dual_income' with VIF=26.01
Dropping 'income_household_median' with VIF=21.22
Dropping 'education_highschool' with VIF=12.92
Dropping 'education_some_college' with VIF=11.81
Dropping 'education_bachelors' with VIF=10.19

Final predictors after VIF reduction:
 ['age_40s', 'age_50s', 'age_60s', 'poverty', 'unemployment_rate', 'education_graduate', 'race_black', 'race_asian', 'hispanic', 'health_uninsured', 'is_urban']

OLS Results:
                             OLS Regression Results                            
==============================================================================
Dep. Variable:            glp1ra_rate   R-squared:                       0.033
Model:                            OLS   Adj. R-squared:                  0.031
Method:                 Least Squares   F-statistic:                     18.95
Date:                Tue, 16 Dec 2025   Prob (F-statistic):           6.30e-38
Time:                        22:23:36   Log-Likelihood:                 28029.
No. Observations:                6126   AIC:                        -5.603e+04
Df Residuals:                    6114   BIC:                        -5.595e+04
Df Model:                          11                                         
Covariance Type:            nonrobust                                         
======================================================================================
                         coef    std err          t      P>|t|      [0.025      0.975]
--------------------------------------------------------------------------------------
const                  0.0017      0.000      7.555      0.000       0.001       0.002
age_40s             3.849e-06   8.17e-06      0.471      0.638   -1.22e-05    1.99e-05
age_50s             2.857e-05   7.25e-06      3.943      0.000    1.44e-05    4.28e-05
age_60s             -1.51e-05   6.43e-06     -2.348      0.019   -2.77e-05   -2.49e-06
poverty            -2.399e-06   4.48e-06     -0.535      0.593   -1.12e-05    6.39e-06
unemployment_rate  -2.497e-05   7.94e-06     -3.147      0.002   -4.05e-05   -9.41e-06
education_graduate -4.905e-06    4.2e-06     -1.167      0.243   -1.31e-05    3.34e-06
race_black          6.131e-07   2.19e-06      0.280      0.780   -3.68e-06    4.91e-06
race_asian         -1.942e-05   5.35e-06     -3.628      0.000   -2.99e-05   -8.93e-06
hispanic           -2.183e-05   2.29e-06     -9.546      0.000   -2.63e-05   -1.73e-05
health_uninsured   -9.334e-06   5.94e-06     -1.572      0.116    -2.1e-05    2.31e-06
is_urban               0.0002   8.85e-05      1.735      0.083   -1.99e-05       0.000
==============================================================================
Omnibus:                     5445.845   Durbin-Watson:                   0.443
Prob(Omnibus):                  0.000   Jarque-Bera (JB):           208557.547
Skew:                           4.207   Prob(JB):                         0.00
Kurtosis:                      30.318   Cond. No.                         255.
==============================================================================

Notes:
[1] Standard Errors assume that the covariance matrix of the errors is correctly specified.

Poisson GLM Results:
                  Generalized Linear Model Regression Results                  
==============================================================================
Dep. Variable:           glp1ra_count   No. Observations:                 6126
Model:                            GLM   Df Residuals:                     6114
Model Family:                 Poisson   Df Model:                           11
Link Function:                    Log   Scale:                          1.0000
Method:                          IRLS   Log-Likelihood:                -83085.
Date:                Tue, 16 Dec 2025   Deviance:                   1.4489e+05
Time:                        22:23:36   Pearson chi2:                 8.81e+05
No. Iterations:                     6   Pseudo R-squ. (CS):             0.9961
Covariance Type:            nonrobust                                         
======================================================================================
                         coef    std err          z      P>|z|      [0.025      0.975]
--------------------------------------------------------------------------------------
Intercept             -5.9145      0.044   -133.782      0.000      -6.001      -5.828
age_40s               -0.0615      0.002    -33.376      0.000      -0.065      -0.058
age_50s                0.0685      0.001     53.847      0.000       0.066       0.071
age_60s                0.0263      0.001     19.110      0.000       0.024       0.029
poverty                0.0047      0.001      5.692      0.000       0.003       0.006
unemployment_rate     -0.0683      0.002    -32.441      0.000      -0.072      -0.064
education_graduate    -0.0329      0.001    -50.483      0.000      -0.034      -0.032
race_black            -0.0077      0.000    -25.247      0.000      -0.008      -0.007
race_asian            -0.0193      0.001    -26.928      0.000      -0.021      -0.018
hispanic              -0.0154      0.000    -45.836      0.000      -0.016      -0.015
health_uninsured      -0.0074      0.001     -7.593      0.000      -0.009      -0.005
is_urban              -0.7342      0.013    -54.637      0.000      -0.761      -0.708
======================================================================================

Negative Binomial GLM Results:
                  Generalized Linear Model Regression Results                  
==============================================================================
Dep. Variable:           glp1ra_count   No. Observations:                 6126
Model:                            GLM   Df Residuals:                     6114
Model Family:        NegativeBinomial   Df Model:                           11
Link Function:                    Log   Scale:                          1.0000
Method:                          IRLS   Log-Likelihood:                -24976.
Date:                Tue, 16 Dec 2025   Deviance:                       16516.
Time:                        22:23:36   Pearson chi2:                 7.63e+04
No. Iterations:                   100   Pseudo R-squ. (CS):             0.4138
Covariance Type:            nonrobust                                         
======================================================================================
                         coef    std err          z      P>|z|      [0.025      0.975]
--------------------------------------------------------------------------------------
Intercept             -3.4993      0.107    -32.814      0.000      -3.708      -3.290
age_40s               -0.0494      0.004    -11.949      0.000      -0.057      -0.041
age_50s                0.0608      0.003     18.073      0.000       0.054       0.067
age_60s               -0.0310      0.003    -10.075      0.000      -0.037      -0.025
poverty               -0.0164      0.002     -7.979      0.000      -0.020      -0.012
unemployment_rate     -0.0540      0.004    -13.814      0.000      -0.062      -0.046
education_graduate    -0.0534      0.002    -28.787      0.000      -0.057      -0.050
race_black            -0.0151      0.001    -16.179      0.000      -0.017      -0.013
race_asian            -0.0476      0.002    -20.697      0.000      -0.052      -0.043
hispanic              -0.0228      0.001    -23.199      0.000      -0.025      -0.021
health_uninsured      -0.0040      0.003     -1.488      0.137      -0.009       0.001
is_urban              -0.5788      0.039    -15.004      0.000      -0.654      -0.503
======================================================================================

[Overdispersion Check]
Mean of outcome: 10.220372184133202
Variance of outcome: 234.2616322532931
Variance/Mean: 22.921047104035676
Dispersion (Deviance/df): 23.698840645279194
Dispersion (Pearson/df): 144.1528533137745
Optimization terminated successfully.
         Current function value: 3.342258
         Iterations: 32
         Function evaluations: 38
         Gradient evaluations: 38

Negative Binomial (discrete model) Results:
                      NegativeBinomial Regression Results                      
==============================================================================
Dep. Variable:           glp1ra_count   No. Observations:                 6126
Model:               NegativeBinomial   Df Residuals:                     6114
Method:                           MLE   Df Model:                           11
Date:                Tue, 16 Dec 2025   Pseudo R-squ.:                0.006036
Time:                        22:23:37   Log-Likelihood:                -20475.
converged:                       True   LL-Null:                       -20599.
Covariance Type:            nonrobust   LLR p-value:                 5.297e-47
======================================================================================
                         coef    std err          z      P>|z|      [0.025      0.975]
--------------------------------------------------------------------------------------
const                  2.4094      0.104     23.127      0.000       2.205       2.614
age_40s               -0.0070      0.004     -1.876      0.061      -0.014       0.000
age_50s                0.0118      0.003      3.571      0.000       0.005       0.018
age_60s               -0.0223      0.003     -7.499      0.000      -0.028      -0.016
poverty               -0.0074      0.002     -3.562      0.000      -0.011      -0.003
unemployment_rate     -0.0155      0.004     -4.204      0.000      -0.023      -0.008
education_graduate    -0.0011      0.002     -0.562      0.574      -0.005       0.003
race_black             0.0038      0.001      3.877      0.000       0.002       0.006
race_asian             0.0028      0.002      1.212      0.226      -0.002       0.007
hispanic               0.0022      0.001      2.175      0.030       0.000       0.004
health_uninsured      -0.0046      0.003     -1.685      0.092      -0.010       0.001
is_urban               0.3364      0.041      8.202      0.000       0.256       0.417
alpha                  1.1619      0.021     56.205      0.000       1.121       1.202
======================================================================================

Estimated alpha (overdispersion): 1.1618567415796857

Ridge R^2: 0.038726064463752485
Lasso R^2: 0.03780711869574194
ElasticNet R^2: 0.03798695977196642

Random Forest R^2: 0.39925931007771354
Gradient Boosting R^2: 0.3873311128418606

================================================================================
Random Forest Feature Importance:
================================================================================
hispanic                    0.1367 (13.67%)
poverty                     0.1319 (13.19%)
age_50s                     0.1271 (12.71%)
age_60s                     0.1047 (10.47%)
education_graduate          0.0969 ( 9.69%)
health_uninsured            0.0936 ( 9.36%)
unemployment_rate           0.0876 ( 8.76%)
race_asian                  0.0759 ( 7.59%)
age_40s                     0.0705 ( 7.05%)
race_black                  0.0673 ( 6.73%)
is_urban                    0.0077 ( 0.77%)

================================================================================
Gradient Boosting Feature Importance:
================================================================================
age_50s                     0.1745 (17.45%)
poverty                     0.1682 (16.82%)
hispanic                    0.1144 (11.44%)
health_uninsured            0.1079 (10.79%)
education_graduate          0.1051 (10.51%)
unemployment_rate           0.0891 ( 8.91%)
age_60s                     0.0720 ( 7.20%)
age_40s                     0.0595 ( 5.95%)
race_black                  0.0576 ( 5.76%)
race_asian                  0.0463 ( 4.63%)
is_urban                    0.0053 ( 0.53%)
